Assembler report for CPU
Mon Dec 30 21:15:19 2024
Quartus Prime Version 18.0.0 Build 614 04/24/2018 SJ Standard Edition


---------------------
; Table of Contents ;
---------------------
  1. Legal Notice
  2. Assembler Summary
  3. Assembler Settings
  4. Assembler Encrypted IP Cores Summary
  5. Assembler Generated Files
  6. Assembler Device Options: E:/Quartus 2/18/Src/Src/CPU/output_files/CPU.sof
  7. Assembler Messages



----------------
; Legal Notice ;
----------------
Copyright (C) 2018  Intel Corporation. All rights reserved.
Your use of Intel Corporation's design tools, logic functions 
and other software and tools, and its AMPP partner logic 
functions, and any output files from any of the foregoing 
(including device programming or simulation files), and any 
associated documentation or information are expressly subject 
to the terms and conditions of the Intel Program License 
Subscription Agreement, the Intel Quartus Prime License Agreement,
the Intel FPGA IP License Agreement, or other applicable license
agreement, including, without limitation, that your use is for
the sole purpose of programming logic devices manufactured by
Intel and sold by Intel or its authorized distributors.  Please
refer to the applicable agreement for further details.



+---------------------------------------------------------------+
; Assembler Summary                                             ;
+-----------------------+---------------------------------------+
; Assembler Status      ; Successful - Mon Dec 30 21:15:19 2024 ;
; Revision Name         ; CPU                                   ;
; Top-level Entity Name ; CPU                                   ;
; Family                ; Cyclone V                             ;
; Device                ; 5CSEMA5F31C6                          ;
+-----------------------+---------------------------------------+


+----------------------------------+
; Assembler Settings               ;
+--------+---------+---------------+
; Option ; Setting ; Default Value ;
+--------+---------+---------------+


+------------------------------------------------+
; Assembler Encrypted IP Cores Summary           ;
+--------+------------------------+--------------+
; Vendor ; IP Core Name           ; License Type ;
+--------+------------------------+--------------+
; Altera ; Signal Tap (6AF7 BCE1) ; Licensed     ;
; Altera ; Signal Tap (6AF7 BCEC) ; Licensed     ;
+--------+------------------------+--------------+


+--------------------------------------------------+
; Assembler Generated Files                        ;
+--------------------------------------------------+
; File Name                                        ;
+--------------------------------------------------+
; E:/Quartus 2/18/Src/Src/CPU/output_files/CPU.sof ;
+--------------------------------------------------+


+----------------------------------------------------------------------------+
; Assembler Device Options: E:/Quartus 2/18/Src/Src/CPU/output_files/CPU.sof ;
+----------------+-----------------------------------------------------------+
; Option         ; Setting                                                   ;
+----------------+-----------------------------------------------------------+
; JTAG usercode  ; 0x00C25F87                                                ;
; Checksum       ; 0x00C25F87                                                ;
+----------------+-----------------------------------------------------------+


+--------------------+
; Assembler Messages ;
+--------------------+
Info: *******************************************************************
Info: Running Quartus Prime Assembler
    Info: Version 18.0.0 Build 614 04/24/2018 SJ Standard Edition
    Info: Processing started: Mon Dec 30 21:15:13 2024
Info: Command: quartus_asm --read_settings_files=off --write_settings_files=off CPU -c CPU
Warning (125092): Tcl Script File lpm_4.qip not found
    Info (125063): set_global_assignment -name QIP_FILE lpm_4.qip
Warning (125092): Tcl Script File LPM_16.qip not found
    Info (125063): set_global_assignment -name QIP_FILE LPM_16.qip
Warning (125092): Tcl Script File lpm16.qip not found
    Info (125063): set_global_assignment -name QIP_FILE lpm16.qip
Warning (125092): Tcl Script File lpm8.qip not found
    Info (125063): set_global_assignment -name QIP_FILE lpm8.qip
Warning (125092): Tcl Script File lpm33.qip not found
    Info (125063): set_global_assignment -name QIP_FILE lpm33.qip
Warning (125092): Tcl Script File R_decoder.qip not found
    Info (125063): set_global_assignment -name QIP_FILE R_decoder.qip
Warning (18236): Number of processors has not been specified which may cause overloading on shared machines.  Set the global assignment NUM_PARALLEL_PROCESSORS in your QSF to an appropriate value for best performance.
Info (115030): Assembler is generating device programming files
Info: Quartus Prime Assembler was successful. 0 errors, 7 warnings
    Info: Peak virtual memory: 4833 megabytes
    Info: Processing ended: Mon Dec 30 21:15:19 2024
    Info: Elapsed time: 00:00:06
    Info: Total CPU time (on all processors): 00:00:01


